<?xml version="1.0" encoding="UTF-8"?>
<!-- Generated by org.testng.reporters.JUnitReportReporter -->
<testsuite skipped="0" hostname="DESKTOP-U6I7JG4" name="com.baanx.BaanxAutomation.BaanxRegisterTest" tests="1" failures="0" timestamp="02 Jun 2020 14:25:16 GMT" time="110.914" errors="0">
  <testcase name="BaanxRegisterTest" time="110.914" classname="com.baanx.BaanxAutomation.BaanxRegisterTest"/>
</testsuite> <!-- com.baanx.BaanxAutomation.BaanxRegisterTest -->
