<?xml version="1.0" encoding="UTF-8"?>
<!-- Generated by org.testng.reporters.JUnitReportReporter -->
<testsuite skipped="0" hostname="DESKTOP-U6I7JG4" name="com.baanx.BaanxAutomation.BaanxForgottonPasswordTest" tests="1" failures="0" timestamp="02 Jun 2020 14:30:52 GMT" time="31.250" errors="0">
  <testcase name="BaanxForgottonPasswordTest" time="31.250" classname="com.baanx.BaanxAutomation.BaanxForgottonPasswordTest"/>
</testsuite> <!-- com.baanx.BaanxAutomation.BaanxForgottonPasswordTest -->
